[Sat Dec 10 06:00:17.928641 2022] [mpm_event:notice] [pid 1:tid 140244842888008] AH00489: Apache/2.4.54 (Unix) configured -- resuming normal operations
[Sat Dec 10 06:00:17.928774 2022] [core:notice] [pid 1:tid 140244842888008] AH00094: Command line: 'httpd -D FOREGROUND'
[Sat Dec 10 06:35:31.067665 2022] [mpm_event:notice] [pid 1:tid 140243038014280] AH00489: Apache/2.4.54 (Unix) configured -- resuming normal operations
[Sat Dec 10 06:35:31.067805 2022] [core:notice] [pid 1:tid 140243038014280] AH00094: Command line: 'httpd -D FOREGROUND'
[Sat Dec 10 06:35:40.850620 2022] [proxy:error] [pid 10:tid 140243032857400] [client 172.18.0.1:32798] AH00898: DNS lookup failure for: php returned by /index.php
[Sat Dec 10 06:40:30.306612 2022] [mpm_event:notice] [pid 1:tid 140243038014280] AH00492: caught SIGWINCH, shutting down gracefully
[Sat Dec 10 06:44:02.017127 2022] [mpm_event:notice] [pid 1:tid 140613926378312] AH00489: Apache/2.4.54 (Unix) configured -- resuming normal operations
[Sat Dec 10 06:44:02.017313 2022] [core:notice] [pid 1:tid 140613926378312] AH00094: Command line: 'httpd -D FOREGROUND'
[Sat Dec 10 06:54:41.659255 2022] [mpm_event:notice] [pid 1:tid 140613926378312] AH00492: caught SIGWINCH, shutting down gracefully
[Sat Dec 10 07:03:31.614272 2022] [mpm_event:notice] [pid 1:tid 140650958461768] AH00489: Apache/2.4.54 (Unix) configured -- resuming normal operations
[Sat Dec 10 07:03:31.614356 2022] [core:notice] [pid 1:tid 140650958461768] AH00094: Command line: 'httpd -D FOREGROUND'
[Mon Oct 09 02:57:22.871857 2023] [mpm_event:notice] [pid 1:tid 139696831228744] AH00489: Apache/2.4.57 (Unix) configured -- resuming normal operations
[Mon Oct 09 02:57:22.871936 2023] [core:notice] [pid 1:tid 139696831228744] AH00094: Command line: 'httpd -D FOREGROUND'
[Mon Oct 09 03:06:55.766787 2023] [mpm_event:notice] [pid 1:tid 139696831228744] AH00492: caught SIGWINCH, shutting down gracefully
[Wed Dec 06 04:38:17.321718 2023] [mpm_event:notice] [pid 1:tid 139908476865352] AH00489: Apache/2.4.58 (Unix) configured -- resuming normal operations
[Wed Dec 06 04:38:17.323671 2023] [core:notice] [pid 1:tid 139908476865352] AH00094: Command line: 'httpd -D FOREGROUND'
[Wed Jan 31 08:25:47.405115 2024] [mpm_event:notice] [pid 1:tid 140430227241736] AH00489: Apache/2.4.58 (Unix) configured -- resuming normal operations
[Wed Jan 31 08:25:47.405441 2024] [core:notice] [pid 1:tid 140430227241736] AH00094: Command line: 'httpd -D FOREGROUND'
[Wed Jan 31 09:33:33.518524 2024] [mpm_event:notice] [pid 1:tid 140430227241736] AH00492: caught SIGWINCH, shutting down gracefully
[Wed Jan 31 09:35:45.640350 2024] [mpm_event:notice] [pid 1:tid 140240949971720] AH00489: Apache/2.4.58 (Unix) configured -- resuming normal operations
[Wed Jan 31 09:35:45.644065 2024] [core:notice] [pid 1:tid 140240949971720] AH00094: Command line: 'httpd -D FOREGROUND'
[Wed Jan 31 10:42:30.978689 2024] [mpm_event:notice] [pid 1:tid 140683631577864] AH00489: Apache/2.4.58 (Unix) configured -- resuming normal operations
[Wed Jan 31 10:42:30.982745 2024] [core:notice] [pid 1:tid 140683631577864] AH00094: Command line: 'httpd -D FOREGROUND'
